14:43:28:564 [ALWAYS]	GUDE Logging Started
14:43:28:564 [INFO]	SqliteResumeCache::SqliteResumeCache basedirectory is null/empty
14:43:28:564 [ERROR]	SqliteResumeCache::CreateSqliteResumeCache creating resume cache pointer failure
14:43:28:564 [ERROR]	Initialize resume cache pointer failure
14:43:28:565 [INFO]	gude policy POLICY_USER limit (2,2,1) chunk 2097152, chunking (UL 0 DL 1), resXfer 1, adapt 0, NSURL 0, timeout 86400 
14:43:28:565 [INFO]	Initialized -- gude-lib version: v0.12.1 app: gude
14:43:30:164 [WARN]	Ignoring attempt to reinit logging to \gude at level 4 retaining 3 days of logs
14:43:30:164 [INFO]	SqliteResumeCache::SqliteResumeCache basedirectory is null/empty
14:43:30:164 [ERROR]	SqliteResumeCache::CreateSqliteResumeCache creating resume cache pointer failure
14:43:30:164 [ERROR]	Initialize resume cache pointer failure
14:43:30:164 [INFO]	gude policy POLICY_USER limit (4,4,1) chunk 2097152, chunking (UL 0 DL 1), resXfer 1, adapt 0, NSURL 1, timeout 86400 
14:43:30:164 [INFO]	Initialized -- gude-lib version: v0.12.1 app: gude
14:54:13:514 [ALWAYS]	GUDE Logging Started
14:54:13:514 [INFO]	SqliteResumeCache::SqliteResumeCache basedirectory is null/empty
14:54:13:515 [ERROR]	SqliteResumeCache::CreateSqliteResumeCache creating resume cache pointer failure
14:54:13:515 [ERROR]	Initialize resume cache pointer failure
14:54:13:515 [INFO]	gude policy POLICY_USER limit (2,2,1) chunk 2097152, chunking (UL 0 DL 1), resXfer 1, adapt 0, NSURL 0, timeout 86400 
14:54:13:515 [INFO]	Initialized -- gude-lib version: v0.12.1 app: gude
14:54:14:894 [WARN]	Ignoring attempt to reinit logging to \gude at level 4 retaining 3 days of logs
14:54:14:894 [INFO]	SqliteResumeCache::SqliteResumeCache basedirectory is null/empty
14:54:14:894 [ERROR]	SqliteResumeCache::CreateSqliteResumeCache creating resume cache pointer failure
14:54:14:894 [ERROR]	Initialize resume cache pointer failure
14:54:14:894 [INFO]	gude policy POLICY_USER limit (4,4,1) chunk 2097152, chunking (UL 0 DL 1), resXfer 1, adapt 0, NSURL 1, timeout 86400 
14:54:14:894 [INFO]	Initialized -- gude-lib version: v0.12.1 app: gude
